<?xml version="1.0" encoding="UTF-8" ?>
<testsuites errors="2"
            failures="1"
            tests="1">

  <testsuite name="SearchDressNF"
    errors="2" failures="1" hostname="" id="" package="SearchDressNF" skipped="0"
    tests="1" time="37.12" timestamp="">
  
    <testcase name="Verify product names contain &#34;dress&#34;" classname="SearchDressNF" time="15.23" assertions="1">  <failure message="Timed out while waiting for element &lt;#product_list &gt; li&gt; to be present for 5000 milliseconds. - expected &#34;visible&#34; but got: &#34;not found&#34; (5036ms)">    at Verify product names contain &#34;dress&#34; (C:\Users\Maria\OneDrive - Faculty of Engineering Ain Shams University\Desktop\SDET_Task_Mariam_Waleed\UI_Testing\tests\SearchDressNF.js:14:8)</failure>

    
    <error message="Timed out while waiting for element &lt;#product_list &gt; li&gt; to be present for 5000 milliseconds. - expected [32m&#34;visible&#34;[39m but got: [31m&#34;not found&#34;[39m [90m(5036ms)[39m" type="error"><![CDATA[
    Error
    at Command.executeCommand (C:\Users\Maria\OneDrive - Faculty of Engineering Ain Shams University\Desktop\SDET_Task_Mariam_Waleed\UI_Testing\node_modules\nightwatch\lib\page-object\command-wrapper.js:281:22)
    at Page.waitForElementVisible (C:\Users\Maria\OneDrive - Faculty of Engineering Ain Shams University\Desktop\SDET_Task_Mariam_Waleed\UI_Testing\node_modules\nightwatch\lib\page-object\command-wrapper.js:86:27)
    at Verify product names contain &#34;dress&#34; (C:\Users\Maria\OneDrive - Faculty of Engineering Ain Shams University\Desktop\SDET_Task_Mariam_Waleed\UI_Testing\tests\SearchDressNF.js:14:8)
    at Context.call (C:\Users\Maria\OneDrive - Faculty of Engineering Ain Shams University\Desktop\SDET_Task_Mariam_Waleed\UI_Testing\node_modules\nightwatch\lib\testsuite\context.js:515:35)
    at TestCase.run (C:\Users\Maria\OneDrive - Faculty of Engineering Ain Shams University\Desktop\SDET_Task_Mariam_Waleed\UI_Testing\node_modules\nightwatch\lib\testsuite\testcase.js:58:31)
    at Runnable.__runFn (C:\Users\Maria\OneDrive - Faculty of Engineering Ain Shams University\Desktop\SDET_Task_Mariam_Waleed\UI_Testing\node_modules\nightwatch\lib\testsuite\index.js:839:80)
    at Runnable.run (C:\Users\Maria\OneDrive - Faculty of Engineering Ain Shams University\Desktop\SDET_Task_Mariam_Waleed\UI_Testing\node_modules\nightwatch\lib\testsuite\runnable.js:126:21)
    at TestSuite.executeRunnable (C:\Users\Maria\OneDrive - Faculty of Engineering Ain Shams University\Desktop\SDET_Task_Mariam_Waleed\UI_Testing\node_modules\nightwatch\lib\testsuite\index.js:1000:49)
    at TestSuite.handleRunnable (C:\Users\Maria\OneDrive - Faculty of Engineering Ain Shams University\Desktop\SDET_Task_Mariam_Waleed\UI_Testing\node_modules\nightwatch\lib\testsuite\index.js:1015:33)
    at C:\Users\Maria\OneDrive - Faculty of Engineering Ain Shams University\Desktop\SDET_Task_Mariam_Waleed\UI_Testing\node_modules\nightwatch\lib\testsuite\index.js:839:21
    ]]></error>
    
    </testcase>
  

  
    <system-err>
       NoSuchElementError
   An element could not be located on the page using the given search parameters.
    {&#34;error&#34;:{&#34;name&#34;:&#34;NoSuchWindowError&#34;,&#34;remoteStacktrace&#34;:&#34;&#34;},&#34;status&#34;:-1,&#34;value&#34;:null}

    Try fixing by :
    1. Please inspect the html before the step
    2. Verify if an element with the mentioned selector is present in the DOM tree

    Error location:
    C:\Users\Maria\OneDrive - Faculty of Engineering Ain Shams University\Desktop\SDET_Task_Mariam_Waleed\UI_Testing\tests\SearchDressNF.js:13
    –––––––––––––––––––––––––––––––––––––––––––––––––––––––––––––––––––––––––––––––––––––––––––––––––––––––––––––––––––––––––––––––––––––––––
     11 |     // Search for &#34;dress&#34;
     12 |     browser.page.homepage()
     13 |       .searchForDress(&#39;dress&#39;) 
     14 |       .waitForElementVisible(&#39;#product_list &gt; li&#39;, 5000, function() {
     15 |         // Get the count of products
    –––––––––––––––––––––––––––––––––––––––––––––––––––––––––––––––––––––––––––––––––––––––––––––––––––––––––––––––––––––––––––––––––––––––––

 NoSuchElementError
   An element could not be located on the page using the given search parameters.
    {&#34;error&#34;:{&#34;name&#34;:&#34;NoSuchWindowError&#34;,&#34;remoteStacktrace&#34;:&#34;&#34;},&#34;status&#34;:-1,&#34;value&#34;:null}

    Try fixing by :
    1. Please inspect the html before the step
    2. Verify if an element with the mentioned selector is present in the DOM tree

    Error location:
    C:\Users\Maria\OneDrive - Faculty of Engineering Ain Shams University\Desktop\SDET_Task_Mariam_Waleed\UI_Testing\tests\SearchDressNF.js:13
    –––––––––––––––––––––––––––––––––––––––––––––––––––––––––––––––––––––––––––––––––––––––––––––––––––––––––––––––––––––––––––––––––––––––––
     11 |     // Search for &#34;dress&#34;
     12 |     browser.page.homepage()
     13 |       .searchForDress(&#39;dress&#39;) 
     14 |       .waitForElementVisible(&#39;#product_list &gt; li&#39;, 5000, function() {
     15 |         // Get the count of products
    –––––––––––––––––––––––––––––––––––––––––––––––––––––––––––––––––––––––––––––––––––––––––––––––––––––––––––––––––––––––––––––––––––––––––

 NoSuchElementError
   An element could not be located on the page using the given search parameters.
    {&#34;error&#34;:{&#34;name&#34;:&#34;NoSuchWindowError&#34;,&#34;remoteStacktrace&#34;:&#34;&#34;},&#34;status&#34;:-1,&#34;value&#34;:null}

    Try fixing by :
    1. Please inspect the html before the step
    2. Verify if an element with the mentioned selector is present in the DOM tree

    Error location:
    C:\Users\Maria\OneDrive - Faculty of Engineering Ain Shams University\Desktop\SDET_Task_Mariam_Waleed\UI_Testing\tests\SearchDressFail.js:13
    –––––––––––––––––––––––––––––––––––––––––––––––––––––––––––––––––––––––––––––––––––––––––––––––––––––––––––––––––––––––––––––––––––––––––––
     11 |     // Search for &#34;dress&#34;
     12 |     browser.page.homepage()
     13 |       .searchForDress(&#39;dress&#39;) 
     14 |       .waitForElementVisible(&#39;#product_list &gt; li&#39;, 5000, function() {
     15 |         // Get the count of products
    –––––––––––––––––––––––––––––––––––––––––––––––––––––––––––––––––––––––––––––––––––––––––––––––––––––––––––––––––––––––––––––––––––––––––––

 NoSuchElementError
   An element could not be located on the page using the given search parameters.
    {&#34;error&#34;:{&#34;name&#34;:&#34;NoSuchWindowError&#34;,&#34;remoteStacktrace&#34;:&#34;&#34;},&#34;status&#34;:-1,&#34;value&#34;:null}

    Try fixing by :
    1. Please inspect the html before the step
    2. Verify if an element with the mentioned selector is present in the DOM tree

    Error location:
    C:\Users\Maria\OneDrive - Faculty of Engineering Ain Shams University\Desktop\SDET_Task_Mariam_Waleed\UI_Testing\tests\SearchDressFail.js:13
    –––––––––––––––––––––––––––––––––––––––––––––––––––––––––––––––––––––––––––––––––––––––––––––––––––––––––––––––––––––––––––––––––––––––––––
     11 |     // Search for &#34;dress&#34;
     12 |     browser.page.homepage()
     13 |       .searchForDress(&#39;dress&#39;) 
     14 |       .waitForElementVisible(&#39;#product_list &gt; li&#39;, 5000, function() {
     15 |         // Get the count of products
    –––––––––––––––––––––––––––––––––––––––––––––––––––––––––––––––––––––––––––––––––––––––––––––––––––––––––––––––––––––––––––––––––––––––––––

    </system-err>
  

    

  
  </testsuite>
</testsuites>
